Using pre-set license
Built from '2020.3/staging' branch; Version is '2020.3.4f1 (0abb6314276a) revision 703331'; Using compiler version '192528614'; Build Type 'Release'
OS: 'Windows 10 Home; OS build 19043.1288; Version 2009; 64bit' Language: 'tr' Physical Memory: 8051 MB
BatchMode: 1, IsHumanControllingUs: 0, StartBugReporterOnCrash: 0, Is64bit: 1, IsPro: 0

 COMMAND LINE ARGUMENTS:
C:\Program Files\Unity.1\2020.3.4f1\Editor\Unity.exe
-adb2
-batchMode
-noUpm
-name
AssetImportWorker0
-projectPath
C:/BalonPat/BalonPatlat
-logFile
Logs/AssetImportWorker0.log
-srvPort
65207
Successfully changed project path to: C:/BalonPat/BalonPatlat
C:/BalonPat/BalonPatlat
Using Asset Import Pipeline V2.
Refreshing native plugins compatible for Editor in 53.76 ms, found 0 plugins.
Preloading 0 native plugins for Editor in 0.00 ms.
Initialize engine version: 2020.3.4f1 (0abb6314276a)
[Subsystems] Discovering subsystems at path C:/Program Files/Unity.1/2020.3.4f1/Editor/Data/Resources/UnitySubsystems
[Subsystems] Discovering subsystems at path C:/BalonPat/BalonPatlat/Assets
GfxDevice: creating device client; threaded=0
Direct3D:
    Version:  Direct3D 11.0 [level 11.1]
    Renderer: NVIDIA GeForce GTX 1050 (ID=0x1c91)
    Vendor:   
    VRAM:     2996 MB
    Driver:   27.21.14.6242
Initialize mono
Mono path[0] = 'C:/Program Files/Unity.1/2020.3.4f1/Editor/Data/Managed'
Mono path[1] = 'C:/Program Files/Unity.1/2020.3.4f1/Editor/Data/MonoBleedingEdge/lib/mono/unityjit'
Mono config path = 'C:/Program Files/Unity.1/2020.3.4f1/Editor/Data/MonoBleedingEdge/etc'
Using monoOptions --debugger-agent=transport=dt_socket,embedding=1,server=y,suspend=n,address=127.0.0.1:56152
Begin MonoManager ReloadAssembly
Registering precompiled unity dll's ...
Register platform support module: C:/Program Files/Unity.1/2020.3.4f1/Editor/Data/PlaybackEngines/WindowsStandaloneSupport/UnityEditor.WindowsStandalone.Extensions.dll
Registered in 0.001841 seconds.
Native extension for WindowsStandalone target not found
Refreshing native plugins compatible for Editor in 36.54 ms, found 0 plugins.
Preloading 0 native plugins for Editor in 0.00 ms.
Mono: successfully reloaded assembly
- Completed reload, in  6.141 seconds
Platform modules already initialized, skipping
Registering precompiled user dll's ...
Registered in 0.004326 seconds.
Begin MonoManager ReloadAssembly
Native extension for WindowsStandalone target not found
Refreshing native plugins compatible for Editor in 0.75 ms, found 0 plugins.
Preloading 0 native plugins for Editor in 0.00 ms.
Mono: successfully reloaded assembly
- Completed reload, in  2.627 seconds
Platform modules already initialized, skipping
========================================================================
Worker process is ready to serve import requests
Launched and connected shader compiler UnityShaderCompiler.exe after 0.05 seconds
Refreshing native plugins compatible for Editor in 0.80 ms, found 0 plugins.
Preloading 0 native plugins for Editor in 0.00 ms.
Unloading 1509 Unused Serialized files (Serialized files now loaded: 0)
System memory in use before: 80.8 MB.
System memory in use after: 80.9 MB.

Unloading 98 unused Assets to reduce memory usage. Loaded Objects now: 1901.
Total: 2.264500 ms (FindLiveObjects: 0.319300 ms CreateObjectMapping: 0.089500 ms MarkObjects: 1.802300 ms  DeleteObjects: 0.051100 ms)

========================================================================
Received Import Request.
  path: Assets/Sahneler/anasahne.unity
  artifactKey: Guid(483e451519b28c74fb594f0d1444756b) Importer(815301076,1909f56bfc062723c751e8b465ee728b)
Start importing Assets/Sahneler/anasahne.unity using Guid(483e451519b28c74fb594f0d1444756b) Importer(815301076,1909f56bfc062723c751e8b465ee728b)  -> (artifact id: '73dee27affa736f40aa9fe0fab7bf38b') in 0.023366 seconds
  Import took 0.026917 seconds .

========================================================================
Received Import Request.
  Time since last request: 0.001225 seconds.
  path: Assets/Sahneler/anasahne.unity
  artifactKey: Guid(483e451519b28c74fb594f0d1444756b) Importer(815301076,1909f56bfc062723c751e8b465ee728b)
Start importing Assets/Sahneler/anasahne.unity using Guid(483e451519b28c74fb594f0d1444756b) Importer(815301076,1909f56bfc062723c751e8b465ee728b)  -> (artifact id: '73dee27affa736f40aa9fe0fab7bf38b') in 0.003470 seconds
  Import took 0.006588 seconds .

========================================================================
Received Prepare
Registering precompiled user dll's ...
Registered in 0.008610 seconds.
Begin MonoManager ReloadAssembly
Native extension for WindowsStandalone target not found
Refreshing native plugins compatible for Editor in 1.60 ms, found 0 plugins.
Preloading 0 native plugins for Editor in 0.00 ms.
Mono: successfully reloaded assembly
- Completed reload, in  3.118 seconds
Platform modules already initialized, skipping
Switching build target platform(5) subTarget(0) extendedPlatform(0) -> platform(13) subTarget(537395200) extendedPlatform(0)
Refreshing native plugins compatible for Editor in 1.22 ms, found 0 plugins.
Preloading 0 native plugins for Editor in 0.00 ms.
Unloading 1507 Unused Serialized files (Serialized files now loaded: 0)
System memory in use before: 80.8 MB.
System memory in use after: 80.9 MB.

Unloading 90 unused Assets to reduce memory usage. Loaded Objects now: 1904.
Total: 3.359000 ms (FindLiveObjects: 0.359500 ms CreateObjectMapping: 0.089900 ms MarkObjects: 2.824400 ms  DeleteObjects: 0.083200 ms)

AssetImportParameters requested are different than current active one (requested -> active):
  custom:graphics/normal-map-encoding: 01000000000000000000000000000000 -> 02000000000000000000000000000000
========================================================================
Received Import Request.
  Time since last request: 129.468018 seconds.
  path: Assets/Sahneler/bolum3.unity
  artifactKey: Guid(ae0a451b8ccabe842a832ce28bab3993) Importer(815301076,1909f56bfc062723c751e8b465ee728b)
Start importing Assets/Sahneler/bolum3.unity using Guid(ae0a451b8ccabe842a832ce28bab3993) Importer(815301076,1909f56bfc062723c751e8b465ee728b)  -> (artifact id: '60a3d7d18e7098362b8915647a1ccfba') in 0.021916 seconds
  Import took 0.025453 seconds .

========================================================================
Received Import Request.
  Time since last request: 16.439369 seconds.
  path: Assets/Sahneler/OyunuKaybettiniz.unity
  artifactKey: Guid(88aafc8b0a7850a42b69d932558e667c) Importer(815301076,1909f56bfc062723c751e8b465ee728b)
Start importing Assets/Sahneler/OyunuKaybettiniz.unity using Guid(88aafc8b0a7850a42b69d932558e667c) Importer(815301076,1909f56bfc062723c751e8b465ee728b)  -> (artifact id: 'e21d3bbb36980028ab8a85f9cfc2fb7c') in 0.009045 seconds
  Import took 0.012681 seconds .

========================================================================
Received Import Request.
  Time since last request: 1.864252 seconds.
  path: Assets/Sahneler/oyunbitti.unity
  artifactKey: Guid(4c8733fe754ade841ade6d38d59bc2bc) Importer(815301076,1909f56bfc062723c751e8b465ee728b)
Start importing Assets/Sahneler/oyunbitti.unity using Guid(4c8733fe754ade841ade6d38d59bc2bc) Importer(815301076,1909f56bfc062723c751e8b465ee728b)  -> (artifact id: '485d09df6acc5782938fee9a85b3be14') in 0.011973 seconds
  Import took 0.016321 seconds .

========================================================================
Received Import Request.
  Time since last request: 2.270636 seconds.
  path: Assets/Sahneler/oyun.unity
  artifactKey: Guid(a63da98cfc36f1142abcd36a78b261d5) Importer(815301076,1909f56bfc062723c751e8b465ee728b)
Start importing Assets/Sahneler/oyun.unity using Guid(a63da98cfc36f1142abcd36a78b261d5) Importer(815301076,1909f56bfc062723c751e8b465ee728b)  -> (artifact id: '7aed24a90c17f48be4c48f49ea6c8a5c') in 0.012134 seconds
  Import took 0.018211 seconds .

========================================================================
Received Prepare
Registering precompiled user dll's ...
Registered in 0.006622 seconds.
Begin MonoManager ReloadAssembly
Native extension for WindowsStandalone target not found
Refreshing native plugins compatible for Editor in 0.85 ms, found 0 plugins.
Preloading 0 native plugins for Editor in 0.00 ms.
Mono: successfully reloaded assembly
- Completed reload, in  3.598 seconds
Platform modules already initialized, skipping
Switching build target platform(5) subTarget(0) extendedPlatform(0) -> platform(13) subTarget(537395200) extendedPlatform(0)
Refreshing native plugins compatible for Editor in 12.99 ms, found 0 plugins.
Preloading 0 native plugins for Editor in 0.00 ms.
Unloading 1507 Unused Serialized files (Serialized files now loaded: 0)
System memory in use before: 80.9 MB.
System memory in use after: 81.0 MB.

Unloading 90 unused Assets to reduce memory usage. Loaded Objects now: 1907.
Total: 7.744000 ms (FindLiveObjects: 1.511600 ms CreateObjectMapping: 0.625500 ms MarkObjects: 5.481100 ms  DeleteObjects: 0.122600 ms)

AssetImportParameters requested are different than current active one (requested -> active):
  custom:graphics/normal-map-encoding: 01000000000000000000000000000000 -> 02000000000000000000000000000000
AssetImportWorkerClient::OnTransportError - code=2 error=End of file
